<?xml version='1.0' encoding='UTF-8'?>
<testsuite hostname="booda-Inspiron-7577" name="com.zackonengineering.oo_file_system.FileSystemBuilderTests" tests="30" errors="0" failures="0" skipped="0" time="0.027" timestamp="2019-06-10T16:22:58">
                     <properties>
      <property name="jline.esc.timeout" value="0"/><property name="jna.platform.library.path" value="/usr/lib/x86_64-linux-gnu:/lib/x86_64-linux-gnu:/lib64:/usr/lib:/lib"/><property name="java.runtime.name" value="OpenJDK Runtime Environment"/><property name="sun.boot.library.path" value="/usr/lib/jvm/java-8-openjdk-amd64/jre/lib/amd64"/><property name="java.vm.version" value="25.212-b03"/><property name="java.vm.vendor" value="Oracle Corporation"/><property name="java.vendor.url" value="http://java.oracle.com/"/><property name="path.separator" value=":"/><property name="jna.loaded" value="true"/><property name="java.vm.name" value="OpenJDK 64-Bit Server VM"/><property name="file.encoding.pkg" value="sun.io"/><property name="user.country" value="US"/><property name="sun.java.launcher" value="SUN_STANDARD"/><property name="sun.os.patch.level" value="unknown"/><property name="jna.nosys" value="true"/><property name="java.vm.specification.name" value="Java Virtual Machine Specification"/><property name="user.dir" value="/home/boo-da/projects/oo_file_system"/><property name="java.runtime.version" value="1.8.0_212-8u212-b03-0ubuntu1.18.04.1-b03"/><property name="java.awt.graphicsenv" value="sun.awt.X11GraphicsEnvironment"/><property name="idea.managed" value="true"/><property name="java.endorsed.dirs" value="/usr/lib/jvm/java-8-openjdk-amd64/jre/lib/endorsed"/><property name="os.arch" value="amd64"/><property name="java.io.tmpdir" value="/tmp"/><property name="line.separator" value="
"/><property name="java.vm.specification.vendor" value="Oracle Corporation"/><property name="os.name" value="Linux"/><property name="sun.jnu.encoding" value="UTF-8"/><property name="jnidispatch.path" value="/tmp/jna--1383446424/jna6807574593553323288.tmp"/><property name="java.library.path" value="/usr/java/packages/lib/amd64:/usr/lib/x86_64-linux-gnu/jni:/lib/x86_64-linux-gnu:/usr/lib/x86_64-linux-gnu:/usr/lib/jni:/lib:/usr/lib"/><property name="java.specification.name" value="Java Platform API Specification"/><property name="java.class.version" value="52.0"/><property name="sun.management.compiler" value="HotSpot 64-Bit Tiered Compilers"/><property name="os.version" value="4.15.0-51-generic"/><property name="user.home" value="/home/boo-da"/><property name="user.timezone" value="America/Denver"/><property name="java.awt.printerjob" value="sun.print.PSPrinterJob"/><property name="file.encoding" value="UTF-8"/><property name="java.specification.version" value="1.8"/><property name="java.class.path" value="/home/boo-da/.IdeaIC2019.1/config/plugins/Scala/launcher/sbt-launch.jar"/><property name="user.name" value="boo-da"/><property name="jline.shutdownhook" value="false"/><property name="java.vm.specification.version" value="1.8"/><property name="sun.java.command" value="/home/boo-da/.IdeaIC2019.1/config/plugins/Scala/launcher/sbt-launch.jar --addPluginSbtFile=/tmp/idea.sbt ; set ideaPort in Global := 36415 ; idea-shell"/><property name="java.home" value="/usr/lib/jvm/java-8-openjdk-amd64/jre"/><property name="sun.arch.data.model" value="64"/><property name="user.language" value="en"/><property name="java.specification.vendor" value="Oracle Corporation"/><property name="awt.toolkit" value="sun.awt.X11.XToolkit"/><property name="java.vm.info" value="mixed mode"/><property name="java.version" value="1.8.0_212"/><property name="java.ext.dirs" value="/usr/lib/jvm/java-8-openjdk-amd64/jre/lib/ext:/usr/java/packages/lib/ext"/><property name="sun.boot.class.path" value="/usr/lib/jvm/java-8-openjdk-amd64/jre/lib/resources.jar:/usr/lib/jvm/java-8-openjdk-amd64/jre/lib/rt.jar:/usr/lib/jvm/java-8-openjdk-amd64/jre/lib/sunrsasign.jar:/usr/lib/jvm/java-8-openjdk-amd64/jre/lib/jsse.jar:/usr/lib/jvm/java-8-openjdk-amd64/jre/lib/jce.jar:/usr/lib/jvm/java-8-openjdk-amd64/jre/lib/charsets.jar:/usr/lib/jvm/java-8-openjdk-amd64/jre/lib/jfr.jar:/usr/lib/jvm/java-8-openjdk-amd64/jre/classes"/><property name="java.vendor" value="Oracle Corporation"/><property name="file.separator" value="/"/><property name="java.vendor.url.bug" value="http://bugreport.sun.com/bugreport/"/><property name="sun.io.unicode.encoding" value="UnicodeLittle"/><property name="sun.cpu.endian" value="little"/><property name="sun.desktop" value="gnome"/><property name="sun.cpu.isalist" value=""/>
    </properties>
                     <testcase classname="com.zackonengineering.oo_file_system.FileSystemBuilderTests" name="Making sure the root directory exists" time="0.009">
                                                 
                                               </testcase><testcase classname="com.zackonengineering.oo_file_system.FileSystemBuilderTests" name="Exceptions is throw with invalid type creation" time="0.001">
                                                 
                                               </testcase><testcase classname="com.zackonengineering.oo_file_system.FileSystemBuilderTests" name="Adding a drive with a path" time="0.001">
                                                 
                                               </testcase><testcase classname="com.zackonengineering.oo_file_system.FileSystemBuilderTests" name="Adding a drive without a path" time="0.001">
                                                 
                                               </testcase><testcase classname="com.zackonengineering.oo_file_system.FileSystemBuilderTests" name="Can't add a drive to another entity" time="0.0">
                                                 
                                               </testcase><testcase classname="com.zackonengineering.oo_file_system.FileSystemBuilderTests" name="Directory can be created" time="0.0">
                                                 
                                               </testcase><testcase classname="com.zackonengineering.oo_file_system.FileSystemBuilderTests" name="Directory cannot be top level and must be contained within another Entity" time="0.0">
                                                 
                                               </testcase><testcase classname="com.zackonengineering.oo_file_system.FileSystemBuilderTests" name="Zip can be created" time="0.0">
                                                 
                                               </testcase><testcase classname="com.zackonengineering.oo_file_system.FileSystemBuilderTests" name="Zip cannot be top level and must be contained within another Entity" time="0.0">
                                                 
                                               </testcase><testcase classname="com.zackonengineering.oo_file_system.FileSystemBuilderTests" name="File can be created" time="0.001">
                                                 
                                               </testcase><testcase classname="com.zackonengineering.oo_file_system.FileSystemBuilderTests" name="File cannot be top level and must be contained within another Entity" time="0.0">
                                                 
                                               </testcase><testcase classname="com.zackonengineering.oo_file_system.FileSystemBuilderTests" name="File cannot contain any other entities" time="0.001">
                                                 
                                               </testcase><testcase classname="com.zackonengineering.oo_file_system.FileSystemBuilderTests" name="Nothing can be created without an existing parent entity" time="0.001">
                                                 
                                               </testcase><testcase classname="com.zackonengineering.oo_file_system.FileSystemBuilderTests" name="Writing to a file works" time="0.002">
                                                 
                                               </testcase><testcase classname="com.zackonengineering.oo_file_system.FileSystemBuilderTests" name="You cannot write to a Drive" time="0.001">
                                                 
                                               </testcase><testcase classname="com.zackonengineering.oo_file_system.FileSystemBuilderTests" name="You cannot write to a directory" time="0.0">
                                                 
                                               </testcase><testcase classname="com.zackonengineering.oo_file_system.FileSystemBuilderTests" name="You cannot write to a zip" time="0.001">
                                                 
                                               </testcase><testcase classname="com.zackonengineering.oo_file_system.FileSystemBuilderTests" name="When you write to a file in a zip folder the size decreases by half" time="0.0">
                                                 
                                               </testcase><testcase classname="com.zackonengineering.oo_file_system.FileSystemBuilderTests" name="Can't write to a file that doesn't exist" time="0.0">
                                                 
                                               </testcase><testcase classname="com.zackonengineering.oo_file_system.FileSystemBuilderTests" name="Move doesn't work if old path doesn't exist" time="0.0">
                                                 
                                               </testcase><testcase classname="com.zackonengineering.oo_file_system.FileSystemBuilderTests" name="Move doesn't work when the new path doesn't exist" time="0.0">
                                                 
                                               </testcase><testcase classname="com.zackonengineering.oo_file_system.FileSystemBuilderTests" name="Move won't overwrite a file" time="0.0">
                                                 
                                               </testcase><testcase classname="com.zackonengineering.oo_file_system.FileSystemBuilderTests" name="Move works properly" time="0.001">
                                                 
                                               </testcase><testcase classname="com.zackonengineering.oo_file_system.FileSystemBuilderTests" name="Move works properly out of zip files" time="0.001">
                                                 
                                               </testcase><testcase classname="com.zackonengineering.oo_file_system.FileSystemBuilderTests" name="Move works properly into zip files" time="0.001">
                                                 
                                               </testcase><testcase classname="com.zackonengineering.oo_file_system.FileSystemBuilderTests" name="Cannot delete path that doesn't exist" time="0.0">
                                                 
                                               </testcase><testcase classname="com.zackonengineering.oo_file_system.FileSystemBuilderTests" name="Delete works" time="0.002">
                                                 
                                               </testcase><testcase classname="com.zackonengineering.oo_file_system.FileSystemBuilderTests" name="Deletes child directories" time="0.001">
                                                 
                                               </testcase><testcase classname="com.zackonengineering.oo_file_system.FileSystemBuilderTests" name="Delete updates the size properly without zip files" time="0.001">
                                                 
                                               </testcase><testcase classname="com.zackonengineering.oo_file_system.FileSystemBuilderTests" name="Delete updates the size properly with zip files" time="0.001">
                                                 
                                               </testcase>
                     <system-out><![CDATA[]]></system-out>
                     <system-err><![CDATA[]]></system-err>
                   </testsuite>